Release 14.7 - xst P.20131013 (nt64)
Copyright (c) 1995-2013 Xilinx, Inc.  All rights reserved.
--> Parameter TMPDIR set to xst/projnav.tmp


Total REAL time to Xst completion: 0.00 secs
Total CPU time to Xst completion: 0.18 secs
 
--> Parameter xsthdpdir set to xst


Total REAL time to Xst completion: 0.00 secs
Total CPU time to Xst completion: 0.18 secs
 
--> Reading design: master.prj

TABLE OF CONTENTS
  1) Synthesis Options Summary
  2) HDL Compilation
  3) Design Hierarchy Analysis
  4) HDL Analysis
  5) HDL Synthesis
     5.1) HDL Synthesis Report
  6) Advanced HDL Synthesis
     6.1) Advanced HDL Synthesis Report
  7) Low Level Synthesis
  8) Partition Report
  9) Final Report
	9.1) Device utilization summary
	9.2) Partition Resource Summary
	9.3) TIMING REPORT


=========================================================================
*                      Synthesis Options Summary                        *
=========================================================================
---- Source Parameters
Input File Name                    : "master.prj"
Input Format                       : mixed
Ignore Synthesis Constraint File   : NO

---- Target Parameters
Output File Name                   : "master"
Output Format                      : NGC
Target Device                      : xc3s50-5-vq100

---- Source Options
Top Module Name                    : master
Automatic FSM Extraction           : YES
FSM Encoding Algorithm             : Auto
Safe Implementation                : No
FSM Style                          : LUT
RAM Extraction                     : Yes
RAM Style                          : Auto
ROM Extraction                     : Yes
Mux Style                          : Auto
Decoder Extraction                 : YES
Priority Encoder Extraction        : Yes
Shift Register Extraction          : YES
Logical Shifter Extraction         : YES
XOR Collapsing                     : YES
ROM Style                          : Auto
Mux Extraction                     : Yes
Resource Sharing                   : YES
Asynchronous To Synchronous        : NO
Multiplier Style                   : Auto
Automatic Register Balancing       : No

---- Target Options
Add IO Buffers                     : YES
Global Maximum Fanout              : 500
Add Generic Clock Buffer(BUFG)     : 8
Register Duplication               : YES
Slice Packing                      : YES
Optimize Instantiated Primitives   : NO
Use Clock Enable                   : Yes
Use Synchronous Set                : Yes
Use Synchronous Reset              : Yes
Pack IO Registers into IOBs        : Auto
Equivalent register Removal        : YES

---- General Options
Optimization Goal                  : Speed
Optimization Effort                : 1
Keep Hierarchy                     : No
Netlist Hierarchy                  : As_Optimized
RTL Output                         : Yes
Global Optimization                : AllClockNets
Read Cores                         : YES
Write Timing Constraints           : NO
Cross Clock Analysis               : NO
Hierarchy Separator                : /
Bus Delimiter                      : <>
Case Specifier                     : Maintain
Slice Utilization Ratio            : 100
BRAM Utilization Ratio             : 100
Verilog 2001                       : YES
Auto BRAM Packing                  : NO
Slice Utilization Ratio Delta      : 5

=========================================================================


=========================================================================
*                          HDL Compilation                              *
=========================================================================
Compiling vhdl file "C:/Users/gusta/Desktop/2021_1/DLP/Prova 1/Prova 1/SSI/master.vhd" in Library work.
Entity <master> compiled.
Entity <master> (Architecture <behavioral>) compiled.

=========================================================================
*                     Design Hierarchy Analysis                         *
=========================================================================
Analyzing hierarchy for entity <master> in library <work> (architecture <behavioral>).


=========================================================================
*                            HDL Analysis                               *
=========================================================================
Analyzing Entity <master> in library <work> (Architecture <behavioral>).
WARNING:Xst:819 - "C:/Users/gusta/Desktop/2021_1/DLP/Prova 1/Prova 1/SSI/master.vhd" line 26: One or more signals are missing in the process sensitivity list. To enable synthesis of FPGA/CPLD hardware, XST will assume that all necessary signals are present in the sensitivity list. Please note that the result of the synthesis may differ from the initial design specification. The missing signals are:
   <rst>
Entity <master> analyzed. Unit <master> generated.


=========================================================================
*                           HDL Synthesis                               *
=========================================================================

Performing bidirectional port resolution...

Synthesizing Unit <master>.
    Related source file is "C:/Users/gusta/Desktop/2021_1/DLP/Prova 1/Prova 1/SSI/master.vhd".
WARNING:Xst:646 - Signal <bufferMiso<7>> is assigned but never used. This unconnected signal will be trimmed during the optimization process.
    Found finite state machine <FSM_0> for signal <state>.
    -----------------------------------------------------------------------
    | States             | 3                                              |
    | Transitions        | 5                                              |
    | Inputs             | 2                                              |
    | Outputs            | 3                                              |
    | Clock              | clk                       (rising_edge)        |
    | Reset              | rst                       (positive)           |
    | Reset type         | asynchronous                                   |
    | Reset State        | s0                                             |
    | Power Up State     | s0                                             |
    | Encoding           | automatic                                      |
    | Implementation     | LUT                                            |
    -----------------------------------------------------------------------
    Found 1-bit register for signal <mosi>.
    Found 1-bit register for signal <cs1>.
    Found 8-bit register for signal <bufferMiso>.
    Found 8-bit register for signal <bufferMosi>.
    Found 4-bit up counter for signal <count>.
    Found 4-bit adder for signal <state$addsub0000> created at line 48.
    Summary:
	inferred   1 Finite State Machine(s).
	inferred   1 Counter(s).
	inferred  18 D-type flip-flop(s).
	inferred   1 Adder/Subtractor(s).
Unit <master> synthesized.


=========================================================================
HDL Synthesis Report

Macro Statistics
# Adders/Subtractors                                   : 1
 4-bit adder                                           : 1
# Counters                                             : 1
 4-bit up counter                                      : 1
# Registers                                            : 4
 1-bit register                                        : 2
 8-bit register                                        : 2

=========================================================================

=========================================================================
*                       Advanced HDL Synthesis                          *
=========================================================================

Analyzing FSM <FSM_0> for best encoding.
Optimizing FSM <state/FSM> on signal <state[1:2]> with user encoding.
-------------------
 State | Encoding
-------------------
 s0    | 00
 s1    | 01
 s2    | 10
-------------------

=========================================================================
Advanced HDL Synthesis Report

Macro Statistics
# FSMs                                                 : 1
# Adders/Subtractors                                   : 1
 4-bit adder                                           : 1
# Counters                                             : 1
 4-bit up counter                                      : 1
# Registers                                            : 10
 Flip-Flops                                            : 10

=========================================================================

=========================================================================
*                         Low Level Synthesis                           *
=========================================================================

Optimizing unit <master> ...

Mapping all equations...
Building and optimizing final netlist ...
Found area constraint ratio of 100 (+ 5) on block master, actual ratio is 2.

Final Macro Processing ...

=========================================================================
Final Register Report

Macro Statistics
# Registers                                            : 16
 Flip-Flops                                            : 16

=========================================================================

=========================================================================
*                           Partition Report                            *
=========================================================================

Partition Implementation Status
-------------------------------

  No Partitions were found in this design.

-------------------------------

=========================================================================
*                            Final Report                               *
=========================================================================
Final Results
RTL Top Level Output File Name     : master.ngr
Top Level Output File Name         : master
Output Format                      : NGC
Optimization Goal                  : Speed
Keep Hierarchy                     : No

Design Statistics
# IOs                              : 14

Cell Usage :
# BELS                             : 32
#      INV                         : 1
#      LUT2                        : 3
#      LUT3                        : 9
#      LUT3_L                      : 1
#      LUT4                        : 10
#      LUT4_D                      : 1
#      MUXF5                       : 7
# FlipFlops/Latches                : 16
#      FDC                         : 10
#      FDCE                        : 4
#      FDE                         : 1
#      FDP                         : 1
# Clock Buffers                    : 1
#      BUFGP                       : 1
# IO Buffers                       : 12
#      IBUF                        : 10
#      OBUF                        : 2
=========================================================================

Device utilization summary:
---------------------------

Selected Device : 3s50vq100-5 

 Number of Slices:                       13  out of    768     1%  
 Number of Slice Flip Flops:             16  out of   1536     1%  
 Number of 4 input LUTs:                 25  out of   1536     1%  
 Number of IOs:                          14
 Number of bonded IOBs:                  13  out of     63    20%  
 Number of GCLKs:                         1  out of      8    12%  

---------------------------
Partition Resource Summary:
---------------------------

  No Partitions were found in this design.

---------------------------


=========================================================================
TIMING REPORT

NOTE: THESE TIMING NUMBERS ARE ONLY A SYNTHESIS ESTIMATE.
      FOR ACCURATE TIMING INFORMATION PLEASE REFER TO THE TRACE REPORT
      GENERATED AFTER PLACE-and-ROUTE.

Clock Information:
------------------
-----------------------------------+------------------------+-------+
Clock Signal                       | Clock buffer(FF name)  | Load  |
-----------------------------------+------------------------+-------+
clk                                | BUFGP                  | 16    |
-----------------------------------+------------------------+-------+

Asynchronous Control Signals Information:
----------------------------------------
-----------------------------------+------------------------+-------+
Control Signal                     | Buffer(FF name)        | Load  |
-----------------------------------+------------------------+-------+
rst                                | IBUF                   | 15    |
-----------------------------------+------------------------+-------+

Timing Summary:
---------------
Speed Grade: -5

   Minimum period: 3.531ns (Maximum Frequency: 283.182MHz)
   Minimum input arrival time before clock: 3.745ns
   Maximum output required time after clock: 6.280ns
   Maximum combinational path delay: No path found

Timing Detail:
--------------
All values displayed in nanoseconds (ns)

=========================================================================
Timing constraint: Default period analysis for Clock 'clk'
  Clock period: 3.531ns (frequency: 283.182MHz)
  Total number of paths / destination ports: 76 / 21
-------------------------------------------------------------------------
Delay:               3.531ns (Levels of Logic = 1)
  Source:            state_FSM_FFd2 (FF)
  Destination:       mosi (FF)
  Source Clock:      clk rising
  Destination Clock: clk rising

  Data Path: state_FSM_FFd2 to mosi
                                Gate     Net
    Cell:in->out      fanout   Delay   Delay  Logical Name (Net Name)
    ----------------------------------------  ------------
     FDC:C->Q             16   0.626   1.221  state_FSM_FFd2 (state_FSM_FFd2)
     LUT2:I1->O            1   0.479   0.681  bufferMiso_and00001 (bufferMiso_and0000)
     FDE:CE                    0.524          mosi
    ----------------------------------------
    Total                      3.531ns (1.629ns logic, 1.902ns route)
                                       (46.1% logic, 53.9% route)

=========================================================================
Timing constraint: Default OFFSET IN BEFORE for Clock 'clk'
  Total number of paths / destination ports: 18 / 10
-------------------------------------------------------------------------
Offset:              3.745ns (Levels of Logic = 2)
  Source:            rst (PAD)
  Destination:       mosi (FF)
  Destination Clock: clk rising

  Data Path: rst to mosi
                                Gate     Net
    Cell:in->out      fanout   Delay   Delay  Logical Name (Net Name)
    ----------------------------------------  ------------
     IBUF:I->O            16   0.715   1.346  rst_IBUF (rst_IBUF)
     LUT2:I0->O            1   0.479   0.681  bufferMiso_and00001 (bufferMiso_and0000)
     FDE:CE                    0.524          mosi
    ----------------------------------------
    Total                      3.745ns (1.718ns logic, 2.027ns route)
                                       (45.9% logic, 54.1% route)

=========================================================================
Timing constraint: Default OFFSET OUT AFTER for Clock 'clk'
  Total number of paths / destination ports: 2 / 2
-------------------------------------------------------------------------
Offset:              6.280ns (Levels of Logic = 1)
  Source:            cs1 (FF)
  Destination:       cs1 (PAD)
  Source Clock:      clk rising

  Data Path: cs1 to cs1
                                Gate     Net
    Cell:in->out      fanout   Delay   Delay  Logical Name (Net Name)
    ----------------------------------------  ------------
     FDP:C->Q              2   0.626   0.745  cs1 (cs1_OBUF)
     OBUF:I->O                 4.909          cs1_OBUF (cs1)
    ----------------------------------------
    Total                      6.280ns (5.535ns logic, 0.745ns route)
                                       (88.1% logic, 11.9% route)

=========================================================================


Total REAL time to Xst completion: 6.00 secs
Total CPU time to Xst completion: 6.05 secs
 
--> 

Total memory usage is 4513216 kilobytes

Number of errors   :    0 (   0 filtered)
Number of warnings :    2 (   0 filtered)
Number of infos    :    0 (   0 filtered)

